<?xml version="1.0" encoding="UTF-8"?>
<testsuite name="com.jojodiu.book.springboot.PostsApiControllerTest" tests="2" skipped="0" failures="0" errors="0" timestamp="2022-08-07T07:01:08" hostname="HJY-PC" time="0.33">
  <properties/>
  <testcase name="Posts_등록된다()" classname="com.jojodiu.book.springboot.PostsApiControllerTest" time="0.292"/>
  <testcase name="Posts_수정된다()" classname="com.jojodiu.book.springboot.PostsApiControllerTest" time="0.037"/>
  <system-out><![CDATA[2022-08-07 16:01:08.755  INFO 13028 --- [    Test worker] .b.t.c.SpringBootTestContextBootstrapper : Neither @ContextConfiguration nor @ContextHierarchy found for test class [com.jojodiu.book.springboot.PostsApiControllerTest], using SpringBootContextLoader
2022-08-07 16:01:08.757  INFO 13028 --- [    Test worker] o.s.t.c.support.AbstractContextLoader    : Could not detect default resource locations for test class [com.jojodiu.book.springboot.PostsApiControllerTest]: no resource found for suffixes {-context.xml, Context.groovy}.
2022-08-07 16:01:08.758  INFO 13028 --- [    Test worker] t.c.s.AnnotationConfigContextLoaderUtils : Could not detect default configuration classes for test class [com.jojodiu.book.springboot.PostsApiControllerTest]: PostsApiControllerTest does not declare any static, non-private, non-final, nested classes annotated with @Configuration.
2022-08-07 16:01:08.761  INFO 13028 --- [    Test worker] .b.t.c.SpringBootTestContextBootstrapper : Found @SpringBootConfiguration com.jojodiu.book.springboot.Application for test class com.jojodiu.book.springboot.PostsApiControllerTest
2022-08-07 16:01:08.767  INFO 13028 --- [    Test worker] .b.t.c.SpringBootTestContextBootstrapper : Loaded default TestExecutionListener class names from location [META-INF/spring.factories]: [org.springframework.security.test.context.support.WithSecurityContextTestExecutionListener, org.springframework.security.test.context.support.ReactorContextTestExecutionListener, org.springframework.boot.test.autoconfigure.restdocs.RestDocsTestExecutionListener, org.springframework.boot.test.autoconfigure.web.client.MockRestServiceServerResetTestExecutionListener, org.springframework.boot.test.autoconfigure.web.servlet.MockMvcPrintOnlyOnFailureTestExecutionListener, org.springframework.boot.test.autoconfigure.web.servlet.WebDriverTestExecutionListener, org.springframework.boot.test.autoconfigure.webservices.client.MockWebServiceServerTestExecutionListener, org.springframework.boot.test.mock.mockito.MockitoTestExecutionListener, org.springframework.boot.test.mock.mockito.ResetMocksTestExecutionListener, org.springframework.test.context.web.ServletTestExecutionListener, org.springframework.test.context.support.DirtiesContextBeforeModesTestExecutionListener, org.springframework.test.context.support.DependencyInjectionTestExecutionListener, org.springframework.test.context.support.DirtiesContextTestExecutionListener, org.springframework.test.context.transaction.TransactionalTestExecutionListener, org.springframework.test.context.jdbc.SqlScriptsTestExecutionListener, org.springframework.test.context.event.EventPublishingTestExecutionListener]
2022-08-07 16:01:08.769  INFO 13028 --- [    Test worker] .b.t.c.SpringBootTestContextBootstrapper : Using TestExecutionListeners: [org.springframework.test.context.web.ServletTestExecutionListener@3dc976da, org.springframework.test.context.support.DirtiesContextBeforeModesTestExecutionListener@5e79bdf6, org.springframework.boot.test.mock.mockito.MockitoTestExecutionListener@495c4ce7, org.springframework.boot.test.autoconfigure.SpringBootDependencyInjectionTestExecutionListener@3e283f1a, org.springframework.test.context.support.DirtiesContextTestExecutionListener@4821e1a3, org.springframework.test.context.transaction.TransactionalTestExecutionListener@5ba4735c, org.springframework.test.context.jdbc.SqlScriptsTestExecutionListener@70b437bb, org.springframework.security.test.context.support.WithSecurityContextTestExecutionListener@f1b0658, org.springframework.test.context.event.EventPublishingTestExecutionListener@4870d2e1, org.springframework.security.test.context.support.ReactorContextTestExecutionListener@30367620, org.springframework.boot.test.autoconfigure.restdocs.RestDocsTestExecutionListener@61ee9672, org.springframework.boot.test.autoconfigure.web.client.MockRestServiceServerResetTestExecutionListener@361065d1, org.springframework.boot.test.autoconfigure.web.servlet.MockMvcPrintOnlyOnFailureTestExecutionListener@78395e28, org.springframework.boot.test.autoconfigure.web.servlet.WebDriverTestExecutionListener@7b3db079, org.springframework.boot.test.autoconfigure.webservices.client.MockWebServiceServerTestExecutionListener@6ef5e46a, org.springframework.boot.test.mock.mockito.ResetMocksTestExecutionListener@5b7e2a88]
2022-08-07 16:01:08.791  INFO 13028 --- [    Test worker] o.a.c.c.C.[Tomcat].[localhost].[/]       : Initializing Spring TestDispatcherServlet ''
2022-08-07 16:01:08.791  INFO 13028 --- [    Test worker] o.s.t.web.servlet.TestDispatcherServlet  : Initializing Servlet ''
2022-08-07 16:01:08.792  INFO 13028 --- [    Test worker] o.s.t.web.servlet.TestDispatcherServlet  : Completed initialization in 1 ms
Hibernate: insert into posts (id, create_date, modified_date, author, content, title) values (null, ?, ?, ?, ?, ?)
Hibernate: select posts0_.id as id1_0_, posts0_.create_date as create_d2_0_, posts0_.modified_date as modified3_0_, posts0_.author as author4_0_, posts0_.content as content5_0_, posts0_.title as title6_0_ from posts posts0_
Hibernate: select posts0_.id as id1_0_, posts0_.create_date as create_d2_0_, posts0_.modified_date as modified3_0_, posts0_.author as author4_0_, posts0_.content as content5_0_, posts0_.title as title6_0_ from posts posts0_
Hibernate: delete from posts where id=?
2022-08-07 16:01:09.076  INFO 13028 --- [    Test worker] o.a.c.c.C.[Tomcat].[localhost].[/]       : Initializing Spring TestDispatcherServlet ''
2022-08-07 16:01:09.076  INFO 13028 --- [    Test worker] o.s.t.web.servlet.TestDispatcherServlet  : Initializing Servlet ''
2022-08-07 16:01:09.077  INFO 13028 --- [    Test worker] o.s.t.web.servlet.TestDispatcherServlet  : Completed initialization in 1 ms
Hibernate: insert into posts (id, create_date, modified_date, author, content, title) values (null, ?, ?, ?, ?, ?)
Hibernate: select posts0_.id as id1_0_0_, posts0_.create_date as create_d2_0_0_, posts0_.modified_date as modified3_0_0_, posts0_.author as author4_0_0_, posts0_.content as content5_0_0_, posts0_.title as title6_0_0_ from posts posts0_ where posts0_.id=?
Hibernate: update posts set create_date=?, modified_date=?, author=?, content=?, title=? where id=?
Hibernate: select posts0_.id as id1_0_, posts0_.create_date as create_d2_0_, posts0_.modified_date as modified3_0_, posts0_.author as author4_0_, posts0_.content as content5_0_, posts0_.title as title6_0_ from posts posts0_
Hibernate: select posts0_.id as id1_0_, posts0_.create_date as create_d2_0_, posts0_.modified_date as modified3_0_, posts0_.author as author4_0_, posts0_.content as content5_0_, posts0_.title as title6_0_ from posts posts0_
Hibernate: delete from posts where id=?
]]></system-out>
  <system-err><![CDATA[]]></system-err>
</testsuite>
