<?xml version="1.0" encoding="UTF-8"?>
<testsuite name="com.jojodiu.book.springboot.web.IndexControllerTest" tests="1" skipped="0" failures="0" errors="0" timestamp="2022-08-07T07:01:05" hostname="HJY-PC" time="0.765">
  <properties/>
  <testcase name="메인페이지_로딩()" classname="com.jojodiu.book.springboot.web.IndexControllerTest" time="0.765"/>
  <system-out><![CDATA[16:00:53.860 [Test worker] DEBUG org.springframework.test.context.BootstrapUtils - Instantiating CacheAwareContextLoaderDelegate from class [org.springframework.test.context.cache.DefaultCacheAwareContextLoaderDelegate]
16:00:53.896 [Test worker] DEBUG org.springframework.test.context.BootstrapUtils - Instantiating BootstrapContext using constructor [public org.springframework.test.context.support.DefaultBootstrapContext(java.lang.Class,org.springframework.test.context.CacheAwareContextLoaderDelegate)]
16:00:53.973 [Test worker] DEBUG org.springframework.test.context.BootstrapUtils - Instantiating TestContextBootstrapper for test class [com.jojodiu.book.springboot.web.IndexControllerTest] from class [org.springframework.boot.test.context.SpringBootTestContextBootstrapper]
16:00:53.999 [Test worker] INFO org.springframework.boot.test.context.SpringBootTestContextBootstrapper - Neither @ContextConfiguration nor @ContextHierarchy found for test class [com.jojodiu.book.springboot.web.IndexControllerTest], using SpringBootContextLoader
16:00:54.008 [Test worker] DEBUG org.springframework.test.context.support.AbstractContextLoader - Did not detect default resource location for test class [com.jojodiu.book.springboot.web.IndexControllerTest]: class path resource [com/jojodiu/book/springboot/web/IndexControllerTest-context.xml] does not exist
16:00:54.009 [Test worker] DEBUG org.springframework.test.context.support.AbstractContextLoader - Did not detect default resource location for test class [com.jojodiu.book.springboot.web.IndexControllerTest]: class path resource [com/jojodiu/book/springboot/web/IndexControllerTestContext.groovy] does not exist
16:00:54.009 [Test worker] INFO org.springframework.test.context.support.AbstractContextLoader - Could not detect default resource locations for test class [com.jojodiu.book.springboot.web.IndexControllerTest]: no resource found for suffixes {-context.xml, Context.groovy}.
16:00:54.010 [Test worker] INFO org.springframework.test.context.support.AnnotationConfigContextLoaderUtils - Could not detect default configuration classes for test class [com.jojodiu.book.springboot.web.IndexControllerTest]: IndexControllerTest does not declare any static, non-private, non-final, nested classes annotated with @Configuration.
16:00:54.087 [Test worker] DEBUG org.springframework.test.context.support.ActiveProfilesUtils - Could not find an 'annotation declaring class' for annotation type [org.springframework.test.context.ActiveProfiles] and class [com.jojodiu.book.springboot.web.IndexControllerTest]
16:00:54.213 [Test worker] DEBUG org.springframework.context.annotation.ClassPathScanningCandidateComponentProvider - Identified candidate component class: file [C:\Users\H.J.Y\Desktop\spring\build\classes\java\main\com\jojodiu\book\springboot\Application.class]
16:00:54.215 [Test worker] INFO org.springframework.boot.test.context.SpringBootTestContextBootstrapper - Found @SpringBootConfiguration com.jojodiu.book.springboot.Application for test class com.jojodiu.book.springboot.web.IndexControllerTest
16:00:54.423 [Test worker] DEBUG org.springframework.boot.test.context.SpringBootTestContextBootstrapper - @TestExecutionListeners is not present for class [com.jojodiu.book.springboot.web.IndexControllerTest]: using defaults.
16:00:54.424 [Test worker] INFO org.springframework.boot.test.context.SpringBootTestContextBootstrapper - Loaded default TestExecutionListener class names from location [META-INF/spring.factories]: [org.springframework.security.test.context.support.WithSecurityContextTestExecutionListener, org.springframework.security.test.context.support.ReactorContextTestExecutionListener, org.springframework.boot.test.autoconfigure.restdocs.RestDocsTestExecutionListener, org.springframework.boot.test.autoconfigure.web.client.MockRestServiceServerResetTestExecutionListener, org.springframework.boot.test.autoconfigure.web.servlet.MockMvcPrintOnlyOnFailureTestExecutionListener, org.springframework.boot.test.autoconfigure.web.servlet.WebDriverTestExecutionListener, org.springframework.boot.test.autoconfigure.webservices.client.MockWebServiceServerTestExecutionListener, org.springframework.boot.test.mock.mockito.MockitoTestExecutionListener, org.springframework.boot.test.mock.mockito.ResetMocksTestExecutionListener, org.springframework.test.context.web.ServletTestExecutionListener, org.springframework.test.context.support.DirtiesContextBeforeModesTestExecutionListener, org.springframework.test.context.support.DependencyInjectionTestExecutionListener, org.springframework.test.context.support.DirtiesContextTestExecutionListener, org.springframework.test.context.transaction.TransactionalTestExecutionListener, org.springframework.test.context.jdbc.SqlScriptsTestExecutionListener, org.springframework.test.context.event.EventPublishingTestExecutionListener]
16:00:54.466 [Test worker] INFO org.springframework.boot.test.context.SpringBootTestContextBootstrapper - Using TestExecutionListeners: [org.springframework.test.context.web.ServletTestExecutionListener@11ee02f8, org.springframework.test.context.support.DirtiesContextBeforeModesTestExecutionListener@4102b1b1, org.springframework.boot.test.mock.mockito.MockitoTestExecutionListener@61a5b4ae, org.springframework.boot.test.autoconfigure.SpringBootDependencyInjectionTestExecutionListener@3a71c100, org.springframework.test.context.support.DirtiesContextTestExecutionListener@5b69fd74, org.springframework.test.context.transaction.TransactionalTestExecutionListener@f325091, org.springframework.test.context.jdbc.SqlScriptsTestExecutionListener@437e951d, org.springframework.security.test.context.support.WithSecurityContextTestExecutionListener@77b325b3, org.springframework.test.context.event.EventPublishingTestExecutionListener@63a5e46c, org.springframework.security.test.context.support.ReactorContextTestExecutionListener@7e8e8651, org.springframework.boot.test.autoconfigure.restdocs.RestDocsTestExecutionListener@49ef32e0, org.springframework.boot.test.autoconfigure.web.client.MockRestServiceServerResetTestExecutionListener@271f18d3, org.springframework.boot.test.autoconfigure.web.servlet.MockMvcPrintOnlyOnFailureTestExecutionListener@6bd51ed8, org.springframework.boot.test.autoconfigure.web.servlet.WebDriverTestExecutionListener@61e3a1fd, org.springframework.boot.test.autoconfigure.webservices.client.MockWebServiceServerTestExecutionListener@51abf713, org.springframework.boot.test.mock.mockito.ResetMocksTestExecutionListener@eadb475]
16:00:54.473 [Test worker] DEBUG org.springframework.test.context.support.AbstractDirtiesContextTestExecutionListener - Before test class: context [DefaultTestContext@1c05a54d testClass = IndexControllerTest, testInstance = [null], testMethod = [null], testException = [null], mergedContextConfiguration = [WebMergedContextConfiguration@65ef722a testClass = IndexControllerTest, locations = '{}', classes = '{class com.jojodiu.book.springboot.Application}', contextInitializerClasses = '[]', activeProfiles = '{}', propertySourceLocations = '{}', propertySourceProperties = '{org.springframework.boot.test.context.SpringBootTestContextBootstrapper=true, server.port=0}', contextCustomizers = set[org.springframework.boot.test.autoconfigure.actuate.metrics.MetricsExportContextCustomizerFactory$DisableMetricExportContextCustomizer@306851c7, org.springframework.boot.test.autoconfigure.properties.PropertyMappingContextCustomizer@0, org.springframework.boot.test.autoconfigure.web.servlet.WebDriverContextCustomizerFactory$Customizer@4fc5e095, org.springframework.boot.test.context.filter.ExcludeFilterContextCustomizer@79da1ec0, org.springframework.boot.test.json.DuplicateJsonObjectContextCustomizerFactory$DuplicateJsonObjectContextCustomizer@4bef0fe3, org.springframework.boot.test.mock.mockito.MockitoContextCustomizer@0, org.springframework.boot.test.web.client.TestRestTemplateContextCustomizer@285c08c8, org.springframework.boot.test.context.SpringBootTestArgs@1, org.springframework.boot.test.context.SpringBootTestWebEnvironment@4b2c5e02], resourceBasePath = 'src/main/webapp', contextLoader = 'org.springframework.boot.test.context.SpringBootContextLoader', parent = [null]], attributes = map['org.springframework.test.context.web.ServletTestExecutionListener.activateListener' -> false]], class annotated with @DirtiesContext [false] with mode [null].
16:00:54.493 [Test worker] DEBUG org.springframework.test.context.support.DependencyInjectionTestExecutionListener - Performing dependency injection for test context [[DefaultTestContext@1c05a54d testClass = IndexControllerTest, testInstance = com.jojodiu.book.springboot.web.IndexControllerTest@5dda14d0, testMethod = [null], testException = [null], mergedContextConfiguration = [WebMergedContextConfiguration@65ef722a testClass = IndexControllerTest, locations = '{}', classes = '{class com.jojodiu.book.springboot.Application}', contextInitializerClasses = '[]', activeProfiles = '{}', propertySourceLocations = '{}', propertySourceProperties = '{org.springframework.boot.test.context.SpringBootTestContextBootstrapper=true, server.port=0}', contextCustomizers = set[org.springframework.boot.test.autoconfigure.actuate.metrics.MetricsExportContextCustomizerFactory$DisableMetricExportContextCustomizer@306851c7, org.springframework.boot.test.autoconfigure.properties.PropertyMappingContextCustomizer@0, org.springframework.boot.test.autoconfigure.web.servlet.WebDriverContextCustomizerFactory$Customizer@4fc5e095, org.springframework.boot.test.context.filter.ExcludeFilterContextCustomizer@79da1ec0, org.springframework.boot.test.json.DuplicateJsonObjectContextCustomizerFactory$DuplicateJsonObjectContextCustomizer@4bef0fe3, org.springframework.boot.test.mock.mockito.MockitoContextCustomizer@0, org.springframework.boot.test.web.client.TestRestTemplateContextCustomizer@285c08c8, org.springframework.boot.test.context.SpringBootTestArgs@1, org.springframework.boot.test.context.SpringBootTestWebEnvironment@4b2c5e02], resourceBasePath = 'src/main/webapp', contextLoader = 'org.springframework.boot.test.context.SpringBootContextLoader', parent = [null]], attributes = map['org.springframework.test.context.web.ServletTestExecutionListener.activateListener' -> false]]].
16:00:54.540 [Test worker] DEBUG org.springframework.test.context.support.TestPropertySourceUtils - Adding inlined properties to environment: {spring.jmx.enabled=false, org.springframework.boot.test.context.SpringBootTestContextBootstrapper=true, server.port=0}

  .   ____          _            __ _ _
 /\\ / ___'_ __ _ _(_)_ __  __ _ \ \ \ \
( ( )\___ | '_ | '_| | '_ \/ _` | \ \ \ \
 \\/  ___)| |_)| | | | | || (_| |  ) ) ) )
  '  |____| .__|_| |_|_| |_\__, | / / / /
 =========|_|==============|___/=/_/_/_/
 :: Spring Boot ::                (v2.4.1)

2022-08-07 16:00:55.087  INFO 13028 --- [    Test worker] c.j.b.s.web.IndexControllerTest          : Starting IndexControllerTest using Java 11.0.15 on HJY-PC with PID 13028 (started by H.J.Y in C:\Users\H.J.Y\Desktop\spring)
2022-08-07 16:00:55.092  INFO 13028 --- [    Test worker] c.j.b.s.web.IndexControllerTest          : No active profile set, falling back to default profiles: default
2022-08-07 16:00:56.549  INFO 13028 --- [    Test worker] .s.d.r.c.RepositoryConfigurationDelegate : Bootstrapping Spring Data JPA repositories in DEFAULT mode.
2022-08-07 16:00:56.711  INFO 13028 --- [    Test worker] .s.d.r.c.RepositoryConfigurationDelegate : Finished Spring Data repository scanning in 146 ms. Found 2 JPA repository interfaces.
2022-08-07 16:00:58.111  INFO 13028 --- [    Test worker] o.s.b.w.embedded.tomcat.TomcatWebServer  : Tomcat initialized with port(s): 0 (http)
2022-08-07 16:00:58.133  INFO 13028 --- [    Test worker] o.apache.catalina.core.StandardService   : Starting service [Tomcat]
2022-08-07 16:00:58.133  INFO 13028 --- [    Test worker] org.apache.catalina.core.StandardEngine  : Starting Servlet engine: [Apache Tomcat/9.0.41]
2022-08-07 16:00:58.403  INFO 13028 --- [    Test worker] o.a.c.c.C.[Tomcat].[localhost].[/]       : Initializing Spring embedded WebApplicationContext
2022-08-07 16:00:58.403  INFO 13028 --- [    Test worker] w.s.c.ServletWebServerApplicationContext : Root WebApplicationContext: initialization completed in 3229 ms
2022-08-07 16:00:58.518  INFO 13028 --- [    Test worker] com.zaxxer.hikari.HikariDataSource       : HikariPool-1 - Starting...
2022-08-07 16:00:58.949  INFO 13028 --- [    Test worker] com.zaxxer.hikari.HikariDataSource       : HikariPool-1 - Start completed.
2022-08-07 16:00:58.962  INFO 13028 --- [    Test worker] o.s.b.a.h2.H2ConsoleAutoConfiguration    : H2 console available at '/h2-console'. Database available at 'jdbc:h2:mem:5f307d56-d79d-4a3c-a034-5992bd163ce9'
2022-08-07 16:00:59.585  INFO 13028 --- [    Test worker] o.hibernate.jpa.internal.util.LogHelper  : HHH000204: Processing PersistenceUnitInfo [name: default]
2022-08-07 16:00:59.753  INFO 13028 --- [    Test worker] org.hibernate.Version                    : HHH000412: Hibernate ORM core version 5.4.25.Final
2022-08-07 16:01:00.169  INFO 13028 --- [    Test worker] o.hibernate.annotations.common.Version   : HCANN000001: Hibernate Commons Annotations {5.1.2.Final}
2022-08-07 16:01:00.508  INFO 13028 --- [    Test worker] org.hibernate.dialect.Dialect            : HHH000400: Using dialect: org.hibernate.dialect.H2Dialect
Hibernate: drop table if exists posts CASCADE 
Hibernate: drop table if exists user CASCADE 
Hibernate: create table posts (id bigint generated by default as identity, create_date timestamp, modified_date timestamp, author varchar(255), content TEXT not null, title varchar(500) not null, primary key (id))
Hibernate: create table user (id bigint generated by default as identity, create_date timestamp, modified_date timestamp, email varchar(255) not null, name varchar(255) not null, picture varchar(255), role varchar(255) not null, primary key (id))
2022-08-07 16:01:02.019  INFO 13028 --- [    Test worker] o.h.e.t.j.p.i.JtaPlatformInitiator       : HHH000490: Using JtaPlatform implementation: [org.hibernate.engine.transaction.jta.platform.internal.NoJtaPlatform]
2022-08-07 16:01:02.039  INFO 13028 --- [    Test worker] j.LocalContainerEntityManagerFactoryBean : Initialized JPA EntityManagerFactory for persistence unit 'default'
2022-08-07 16:01:03.209  WARN 13028 --- [    Test worker] JpaBaseConfiguration$JpaWebConfiguration : spring.jpa.open-in-view is enabled by default. Therefore, database queries may be performed during view rendering. Explicitly configure spring.jpa.open-in-view to disable this warning
2022-08-07 16:01:04.346  INFO 13028 --- [    Test worker] o.s.s.web.DefaultSecurityFilterChain     : Will secure any request with [org.springframework.security.web.context.request.async.WebAsyncManagerIntegrationFilter@7364073b, org.springframework.security.web.context.SecurityContextPersistenceFilter@5af47414, org.springframework.security.web.header.HeaderWriterFilter@72155315, org.springframework.security.web.authentication.logout.LogoutFilter@6b3d3e57, org.springframework.security.oauth2.client.web.OAuth2AuthorizationRequestRedirectFilter@60655642, org.springframework.security.oauth2.client.web.OAuth2LoginAuthenticationFilter@4619854a, org.springframework.security.web.authentication.ui.DefaultLoginPageGeneratingFilter@2b8b5d9e, org.springframework.security.web.authentication.ui.DefaultLogoutPageGeneratingFilter@50331591, org.springframework.security.web.savedrequest.RequestCacheAwareFilter@d408c5d, org.springframework.security.web.servletapi.SecurityContextHolderAwareRequestFilter@19877453, org.springframework.security.web.authentication.AnonymousAuthenticationFilter@5cfde2a4, org.springframework.security.web.session.SessionManagementFilter@d8cece4, org.springframework.security.web.access.ExceptionTranslationFilter@1dc28c66, org.springframework.security.web.access.intercept.FilterSecurityInterceptor@701bd6e8]
2022-08-07 16:01:04.916  INFO 13028 --- [    Test worker] o.s.s.concurrent.ThreadPoolTaskExecutor  : Initializing ExecutorService 'applicationTaskExecutor'
2022-08-07 16:01:05.150  INFO 13028 --- [    Test worker] o.s.b.a.w.s.WelcomePageHandlerMapping    : Adding welcome page template: index
2022-08-07 16:01:05.814  INFO 13028 --- [    Test worker] o.s.b.w.embedded.tomcat.TomcatWebServer  : Tomcat started on port(s): 2312 (http) with context path ''
2022-08-07 16:01:05.835  INFO 13028 --- [    Test worker] s.a.ScheduledAnnotationBeanPostProcessor : No TaskScheduler/ScheduledExecutorService bean found for scheduled processing
2022-08-07 16:01:05.856  INFO 13028 --- [    Test worker] c.j.b.s.web.IndexControllerTest          : Started IndexControllerTest in 11.312 seconds (JVM running for 13.805)
2022-08-07 16:01:06.280  INFO 13028 --- [o-auto-1-exec-1] o.a.c.c.C.[Tomcat].[localhost].[/]       : Initializing Spring DispatcherServlet 'dispatcherServlet'
2022-08-07 16:01:06.280  INFO 13028 --- [o-auto-1-exec-1] o.s.web.servlet.DispatcherServlet        : Initializing Servlet 'dispatcherServlet'
2022-08-07 16:01:06.281  INFO 13028 --- [o-auto-1-exec-1] o.s.web.servlet.DispatcherServlet        : Completed initialization in 0 ms
Hibernate: select posts0_.id as id1_0_, posts0_.create_date as create_d2_0_, posts0_.modified_date as modified3_0_, posts0_.author as author4_0_, posts0_.content as content5_0_, posts0_.title as title6_0_ from posts posts0_ order by posts0_.id DESC
]]></system-out>
  <system-err><![CDATA[]]></system-err>
</testsuite>
