<?xml version="1.0" encoding="UTF-8"?>
<testsuite name="com.jojodiu.book.springboot.HelloControllerTest" tests="2" skipped="0" failures="0" errors="0" timestamp="2022-08-02T12:16:01" hostname="HJY-PC" time="1.061">
  <properties/>
  <testcase name="hello가_리턴된다()" classname="com.jojodiu.book.springboot.HelloControllerTest" time="0.893"/>
  <testcase name="helloDto가_리턴된다()" classname="com.jojodiu.book.springboot.HelloControllerTest" time="0.167"/>
  <system-out><![CDATA[21:15:56.040 [Test worker] DEBUG org.springframework.test.context.BootstrapUtils - Instantiating CacheAwareContextLoaderDelegate from class [org.springframework.test.context.cache.DefaultCacheAwareContextLoaderDelegate]
21:15:56.078 [Test worker] DEBUG org.springframework.test.context.BootstrapUtils - Instantiating BootstrapContext using constructor [public org.springframework.test.context.support.DefaultBootstrapContext(java.lang.Class,org.springframework.test.context.CacheAwareContextLoaderDelegate)]
21:15:56.170 [Test worker] DEBUG org.springframework.test.context.BootstrapUtils - Instantiating TestContextBootstrapper for test class [com.jojodiu.book.springboot.HelloControllerTest] from class [org.springframework.boot.test.autoconfigure.web.servlet.WebMvcTestContextBootstrapper]
21:15:56.204 [Test worker] INFO org.springframework.boot.test.autoconfigure.web.servlet.WebMvcTestContextBootstrapper - Neither @ContextConfiguration nor @ContextHierarchy found for test class [com.jojodiu.book.springboot.HelloControllerTest], using SpringBootContextLoader
21:15:56.213 [Test worker] DEBUG org.springframework.test.context.support.AbstractContextLoader - Did not detect default resource location for test class [com.jojodiu.book.springboot.HelloControllerTest]: class path resource [com/jojodiu/book/springboot/HelloControllerTest-context.xml] does not exist
21:15:56.215 [Test worker] DEBUG org.springframework.test.context.support.AbstractContextLoader - Did not detect default resource location for test class [com.jojodiu.book.springboot.HelloControllerTest]: class path resource [com/jojodiu/book/springboot/HelloControllerTestContext.groovy] does not exist
21:15:56.215 [Test worker] INFO org.springframework.test.context.support.AbstractContextLoader - Could not detect default resource locations for test class [com.jojodiu.book.springboot.HelloControllerTest]: no resource found for suffixes {-context.xml, Context.groovy}.
21:15:56.217 [Test worker] INFO org.springframework.test.context.support.AnnotationConfigContextLoaderUtils - Could not detect default configuration classes for test class [com.jojodiu.book.springboot.HelloControllerTest]: HelloControllerTest does not declare any static, non-private, non-final, nested classes annotated with @Configuration.
21:15:56.378 [Test worker] DEBUG org.springframework.test.context.support.ActiveProfilesUtils - Could not find an 'annotation declaring class' for annotation type [org.springframework.test.context.ActiveProfiles] and class [com.jojodiu.book.springboot.HelloControllerTest]
21:15:56.479 [Test worker] DEBUG org.springframework.context.annotation.ClassPathScanningCandidateComponentProvider - Identified candidate component class: file [C:\Users\H.J.Y\Desktop\spring\build\classes\java\main\com\jojodiu\book\springboot\Application.class]
21:15:56.482 [Test worker] INFO org.springframework.boot.test.context.SpringBootTestContextBootstrapper - Found @SpringBootConfiguration com.jojodiu.book.springboot.Application for test class com.jojodiu.book.springboot.HelloControllerTest
21:15:56.487 [Test worker] DEBUG org.springframework.boot.test.autoconfigure.web.servlet.WebMvcTestContextBootstrapper - @TestExecutionListeners is not present for class [com.jojodiu.book.springboot.HelloControllerTest]: using defaults.
21:15:56.488 [Test worker] INFO org.springframework.boot.test.autoconfigure.web.servlet.WebMvcTestContextBootstrapper - Loaded default TestExecutionListener class names from location [META-INF/spring.factories]: [org.springframework.security.test.context.support.WithSecurityContextTestExecutionListener, org.springframework.security.test.context.support.ReactorContextTestExecutionListener, org.springframework.boot.test.autoconfigure.restdocs.RestDocsTestExecutionListener, org.springframework.boot.test.autoconfigure.web.client.MockRestServiceServerResetTestExecutionListener, org.springframework.boot.test.autoconfigure.web.servlet.MockMvcPrintOnlyOnFailureTestExecutionListener, org.springframework.boot.test.autoconfigure.web.servlet.WebDriverTestExecutionListener, org.springframework.boot.test.autoconfigure.webservices.client.MockWebServiceServerTestExecutionListener, org.springframework.boot.test.mock.mockito.MockitoTestExecutionListener, org.springframework.boot.test.mock.mockito.ResetMocksTestExecutionListener, org.springframework.test.context.web.ServletTestExecutionListener, org.springframework.test.context.support.DirtiesContextBeforeModesTestExecutionListener, org.springframework.test.context.support.DependencyInjectionTestExecutionListener, org.springframework.test.context.support.DirtiesContextTestExecutionListener, org.springframework.test.context.transaction.TransactionalTestExecutionListener, org.springframework.test.context.jdbc.SqlScriptsTestExecutionListener, org.springframework.test.context.event.EventPublishingTestExecutionListener]
21:15:56.533 [Test worker] INFO org.springframework.boot.test.autoconfigure.web.servlet.WebMvcTestContextBootstrapper - Using TestExecutionListeners: [org.springframework.test.context.web.ServletTestExecutionListener@16423501, org.springframework.test.context.support.DirtiesContextBeforeModesTestExecutionListener@4efcf8a, org.springframework.boot.test.mock.mockito.MockitoTestExecutionListener@7a138fc5, org.springframework.boot.test.autoconfigure.SpringBootDependencyInjectionTestExecutionListener@379ab47b, org.springframework.test.context.support.DirtiesContextTestExecutionListener@307765b4, org.springframework.test.context.transaction.TransactionalTestExecutionListener@4a9e6faf, org.springframework.test.context.jdbc.SqlScriptsTestExecutionListener@2c95ac9e, org.springframework.security.test.context.support.WithSecurityContextTestExecutionListener@4e4efc1b, org.springframework.test.context.event.EventPublishingTestExecutionListener@459f7aa3, org.springframework.security.test.context.support.ReactorContextTestExecutionListener@7cc586a8, org.springframework.boot.test.autoconfigure.restdocs.RestDocsTestExecutionListener@7db534f2, org.springframework.boot.test.autoconfigure.web.client.MockRestServiceServerResetTestExecutionListener@44a2b17b, org.springframework.boot.test.autoconfigure.web.servlet.MockMvcPrintOnlyOnFailureTestExecutionListener@7a56812e, org.springframework.boot.test.autoconfigure.web.servlet.WebDriverTestExecutionListener@2a76b80a, org.springframework.boot.test.autoconfigure.webservices.client.MockWebServiceServerTestExecutionListener@7eb01b12, org.springframework.boot.test.mock.mockito.ResetMocksTestExecutionListener@2f4854d6]
21:15:56.541 [Test worker] DEBUG org.springframework.test.context.support.AbstractDirtiesContextTestExecutionListener - Before test class: context [DefaultTestContext@67ef029 testClass = HelloControllerTest, testInstance = [null], testMethod = [null], testException = [null], mergedContextConfiguration = [WebMergedContextConfiguration@7df587ef testClass = HelloControllerTest, locations = '{}', classes = '{class com.jojodiu.book.springboot.Application}', contextInitializerClasses = '[]', activeProfiles = '{}', propertySourceLocations = '{}', propertySourceProperties = '{org.springframework.boot.test.autoconfigure.web.servlet.WebMvcTestContextBootstrapper=true}', contextCustomizers = set[org.springframework.boot.test.autoconfigure.OverrideAutoConfigurationContextCustomizerFactory$DisableAutoConfigurationContextCustomizer@6b9ce1bf, org.springframework.boot.test.autoconfigure.actuate.metrics.MetricsExportContextCustomizerFactory$DisableMetricExportContextCustomizer@609640d5, org.springframework.boot.test.autoconfigure.filter.TypeExcludeFiltersContextCustomizer@730d117f, org.springframework.boot.test.autoconfigure.properties.PropertyMappingContextCustomizer@ce22b36a, org.springframework.boot.test.autoconfigure.web.servlet.WebDriverContextCustomizerFactory$Customizer@78fb9a67, [ImportsContextCustomizer@6e57e95e key = [org.springframework.boot.autoconfigure.cache.CacheAutoConfiguration, org.springframework.boot.autoconfigure.context.MessageSourceAutoConfiguration, org.springframework.boot.autoconfigure.data.web.SpringDataWebAutoConfiguration, org.springframework.boot.autoconfigure.freemarker.FreeMarkerAutoConfiguration, org.springframework.boot.autoconfigure.groovy.template.GroovyTemplateAutoConfiguration, org.springframework.boot.autoconfigure.gson.GsonAutoConfiguration, org.springframework.boot.autoconfigure.hateoas.HypermediaAutoConfiguration, org.springframework.boot.autoconfigure.http.HttpMessageConvertersAutoConfiguration, org.springframework.boot.autoconfigure.jackson.JacksonAutoConfiguration, org.springframework.boot.autoconfigure.jsonb.JsonbAutoConfiguration, org.springframework.boot.autoconfigure.mustache.MustacheAutoConfiguration, org.springframework.boot.autoconfigure.task.TaskExecutionAutoConfiguration, org.springframework.boot.autoconfigure.thymeleaf.ThymeleafAutoConfiguration, org.springframework.boot.autoconfigure.validation.ValidationAutoConfiguration, org.springframework.boot.autoconfigure.web.servlet.error.ErrorMvcAutoConfiguration, org.springframework.boot.autoconfigure.web.servlet.HttpEncodingAutoConfiguration, org.springframework.boot.autoconfigure.web.servlet.WebMvcAutoConfiguration, org.springframework.boot.test.autoconfigure.web.servlet.MockMvcAutoConfiguration, org.springframework.boot.test.autoconfigure.web.servlet.MockMvcWebClientAutoConfiguration, org.springframework.boot.test.autoconfigure.web.servlet.MockMvcWebDriverAutoConfiguration, org.springframework.boot.autoconfigure.security.oauth2.client.servlet.OAuth2ClientAutoConfiguration, org.springframework.boot.autoconfigure.security.oauth2.resource.servlet.OAuth2ResourceServerAutoConfiguration, org.springframework.boot.autoconfigure.security.servlet.SecurityAutoConfiguration, org.springframework.boot.autoconfigure.security.servlet.SecurityFilterAutoConfiguration, org.springframework.boot.autoconfigure.security.servlet.UserDetailsServiceAutoConfiguration, org.springframework.boot.test.autoconfigure.web.servlet.MockMvcSecurityConfiguration]], org.springframework.boot.test.context.filter.ExcludeFilterContextCustomizer@4275c20c, org.springframework.boot.test.json.DuplicateJsonObjectContextCustomizerFactory$DuplicateJsonObjectContextCustomizer@40258c2f, org.springframework.boot.test.mock.mockito.MockitoContextCustomizer@0, org.springframework.boot.test.context.SpringBootTestArgs@1, org.springframework.boot.test.context.SpringBootTestWebEnvironment@0], resourceBasePath = 'src/main/webapp', contextLoader = 'org.springframework.boot.test.context.SpringBootContextLoader', parent = [null]], attributes = map[[empty]]], class annotated with @DirtiesContext [false] with mode [null].
21:15:56.563 [Test worker] DEBUG org.springframework.test.context.support.DependencyInjectionTestExecutionListener - Performing dependency injection for test context [[DefaultTestContext@67ef029 testClass = HelloControllerTest, testInstance = com.jojodiu.book.springboot.HelloControllerTest@51f49060, testMethod = [null], testException = [null], mergedContextConfiguration = [WebMergedContextConfiguration@7df587ef testClass = HelloControllerTest, locations = '{}', classes = '{class com.jojodiu.book.springboot.Application}', contextInitializerClasses = '[]', activeProfiles = '{}', propertySourceLocations = '{}', propertySourceProperties = '{org.springframework.boot.test.autoconfigure.web.servlet.WebMvcTestContextBootstrapper=true}', contextCustomizers = set[org.springframework.boot.test.autoconfigure.OverrideAutoConfigurationContextCustomizerFactory$DisableAutoConfigurationContextCustomizer@6b9ce1bf, org.springframework.boot.test.autoconfigure.actuate.metrics.MetricsExportContextCustomizerFactory$DisableMetricExportContextCustomizer@609640d5, org.springframework.boot.test.autoconfigure.filter.TypeExcludeFiltersContextCustomizer@730d117f, org.springframework.boot.test.autoconfigure.properties.PropertyMappingContextCustomizer@ce22b36a, org.springframework.boot.test.autoconfigure.web.servlet.WebDriverContextCustomizerFactory$Customizer@78fb9a67, [ImportsContextCustomizer@6e57e95e key = [org.springframework.boot.autoconfigure.cache.CacheAutoConfiguration, org.springframework.boot.autoconfigure.context.MessageSourceAutoConfiguration, org.springframework.boot.autoconfigure.data.web.SpringDataWebAutoConfiguration, org.springframework.boot.autoconfigure.freemarker.FreeMarkerAutoConfiguration, org.springframework.boot.autoconfigure.groovy.template.GroovyTemplateAutoConfiguration, org.springframework.boot.autoconfigure.gson.GsonAutoConfiguration, org.springframework.boot.autoconfigure.hateoas.HypermediaAutoConfiguration, org.springframework.boot.autoconfigure.http.HttpMessageConvertersAutoConfiguration, org.springframework.boot.autoconfigure.jackson.JacksonAutoConfiguration, org.springframework.boot.autoconfigure.jsonb.JsonbAutoConfiguration, org.springframework.boot.autoconfigure.mustache.MustacheAutoConfiguration, org.springframework.boot.autoconfigure.task.TaskExecutionAutoConfiguration, org.springframework.boot.autoconfigure.thymeleaf.ThymeleafAutoConfiguration, org.springframework.boot.autoconfigure.validation.ValidationAutoConfiguration, org.springframework.boot.autoconfigure.web.servlet.error.ErrorMvcAutoConfiguration, org.springframework.boot.autoconfigure.web.servlet.HttpEncodingAutoConfiguration, org.springframework.boot.autoconfigure.web.servlet.WebMvcAutoConfiguration, org.springframework.boot.test.autoconfigure.web.servlet.MockMvcAutoConfiguration, org.springframework.boot.test.autoconfigure.web.servlet.MockMvcWebClientAutoConfiguration, org.springframework.boot.test.autoconfigure.web.servlet.MockMvcWebDriverAutoConfiguration, org.springframework.boot.autoconfigure.security.oauth2.client.servlet.OAuth2ClientAutoConfiguration, org.springframework.boot.autoconfigure.security.oauth2.resource.servlet.OAuth2ResourceServerAutoConfiguration, org.springframework.boot.autoconfigure.security.servlet.SecurityAutoConfiguration, org.springframework.boot.autoconfigure.security.servlet.SecurityFilterAutoConfiguration, org.springframework.boot.autoconfigure.security.servlet.UserDetailsServiceAutoConfiguration, org.springframework.boot.test.autoconfigure.web.servlet.MockMvcSecurityConfiguration]], org.springframework.boot.test.context.filter.ExcludeFilterContextCustomizer@4275c20c, org.springframework.boot.test.json.DuplicateJsonObjectContextCustomizerFactory$DuplicateJsonObjectContextCustomizer@40258c2f, org.springframework.boot.test.mock.mockito.MockitoContextCustomizer@0, org.springframework.boot.test.context.SpringBootTestArgs@1, org.springframework.boot.test.context.SpringBootTestWebEnvironment@0], resourceBasePath = 'src/main/webapp', contextLoader = 'org.springframework.boot.test.context.SpringBootContextLoader', parent = [null]], attributes = map[[empty]]]].
21:15:56.629 [Test worker] DEBUG org.springframework.test.context.support.TestPropertySourceUtils - Adding inlined properties to environment: {spring.jmx.enabled=false, org.springframework.boot.test.autoconfigure.web.servlet.WebMvcTestContextBootstrapper=true}

  .   ____          _            __ _ _
 /\\ / ___'_ __ _ _(_)_ __  __ _ \ \ \ \
( ( )\___ | '_ | '_| | '_ \/ _` | \ \ \ \
 \\/  ___)| |_)| | | | | || (_| |  ) ) ) )
  '  |____| .__|_| |_|_| |_\__, | / / / /
 =========|_|==============|___/=/_/_/_/
 :: Spring Boot ::                (v2.4.1)

2022-08-02 21:15:57.372  INFO 21820 --- [    Test worker] c.j.book.springboot.HelloControllerTest  : Starting HelloControllerTest using Java 11.0.15 on HJY-PC with PID 21820 (started by H.J.Y in C:\Users\H.J.Y\Desktop\spring)
2022-08-02 21:15:57.375  INFO 21820 --- [    Test worker] c.j.book.springboot.HelloControllerTest  : No active profile set, falling back to default profiles: default
2022-08-02 21:15:59.515  INFO 21820 --- [    Test worker] o.s.s.concurrent.ThreadPoolTaskExecutor  : Initializing ExecutorService 'applicationTaskExecutor'
2022-08-02 21:15:59.729  INFO 21820 --- [    Test worker] o.s.b.a.w.s.WelcomePageHandlerMapping    : Adding welcome page template: index
2022-08-02 21:16:00.822  INFO 21820 --- [    Test worker] o.s.s.web.DefaultSecurityFilterChain     : Will secure any request with [org.springframework.security.web.context.request.async.WebAsyncManagerIntegrationFilter@251a90ce, org.springframework.security.web.context.SecurityContextPersistenceFilter@5b8853, org.springframework.security.web.header.HeaderWriterFilter@6b4a4e40, org.springframework.security.web.csrf.CsrfFilter@5cff729b, org.springframework.security.web.authentication.logout.LogoutFilter@6b867ee7, org.springframework.security.oauth2.client.web.OAuth2AuthorizationRequestRedirectFilter@11c581a0, org.springframework.security.oauth2.client.web.OAuth2AuthorizationRequestRedirectFilter@4863c8ac, org.springframework.security.oauth2.client.web.OAuth2LoginAuthenticationFilter@9b367c8, org.springframework.security.web.authentication.ui.DefaultLoginPageGeneratingFilter@5dbab232, org.springframework.security.web.authentication.ui.DefaultLogoutPageGeneratingFilter@4c4c7d6c, org.springframework.security.web.savedrequest.RequestCacheAwareFilter@6812c8cc, org.springframework.security.web.servletapi.SecurityContextHolderAwareRequestFilter@73e4387, org.springframework.security.web.authentication.AnonymousAuthenticationFilter@7f0766ef, org.springframework.security.oauth2.client.web.OAuth2AuthorizationCodeGrantFilter@1edfedf1, org.springframework.security.web.session.SessionManagementFilter@76563ae7, org.springframework.security.web.access.ExceptionTranslationFilter@4def7d36, org.springframework.security.web.access.intercept.FilterSecurityInterceptor@61da0413]
2022-08-02 21:16:01.082  INFO 21820 --- [    Test worker] o.s.b.t.m.w.SpringBootMockServletContext : Initializing Spring TestDispatcherServlet ''
2022-08-02 21:16:01.083  INFO 21820 --- [    Test worker] o.s.t.web.servlet.TestDispatcherServlet  : Initializing Servlet ''
2022-08-02 21:16:01.084  INFO 21820 --- [    Test worker] o.s.t.web.servlet.TestDispatcherServlet  : Completed initialization in 1 ms
2022-08-02 21:16:01.138  INFO 21820 --- [    Test worker] c.j.book.springboot.HelloControllerTest  : Started HelloControllerTest in 4.493 seconds (JVM running for 6.761)
]]></system-out>
  <system-err><![CDATA[]]></system-err>
</testsuite>
